<?xml version="1.0" encoding="UTF-8"?>
<testsuite xmlns:xsi="http://www.w3.org/2001/XMLSchema-instance" xsi:noNamespaceSchemaLocation="https://maven.apache.org/surefire/maven-surefire-plugin/xsd/surefire-test-report-3.0.xsd" version="3.0" name="edu.escuelaing.arem.ASE.app.AppTest" time="0.539" tests="5" errors="0" skipped="0" failures="0">
  <properties>
    <property name="java.specification.version" value="15"/>
    <property name="sun.cpu.isalist" value="amd64"/>
    <property name="sun.jnu.encoding" value="Cp1252"/>
    <property name="java.class.path" value="C:\Users\Lenovo\Documents\2024\AREP\LABORATORIOS\AREP_LAB03\mitercera-app\target\test-classes;C:\Users\Lenovo\Documents\2024\AREP\LABORATORIOS\AREP_LAB03\mitercera-app\target\classes;C:\Users\Lenovo\.m2\repository\junit\junit\4.13.2\junit-4.13.2.jar;C:\Users\Lenovo\.m2\repository\org\hamcrest\hamcrest-core\1.3\hamcrest-core-1.3.jar;C:\Users\Lenovo\.m2\repository\com\google\code\gson\gson\2.8.8\gson-2.8.8.jar;"/>
    <property name="java.vm.vendor" value="Oracle Corporation"/>
    <property name="sun.arch.data.model" value="64"/>
    <property name="user.variant" value=""/>
    <property name="java.vendor.url" value="https://java.oracle.com/"/>
    <property name="user.timezone" value="America/Bogota"/>
    <property name="os.name" value="Windows 10"/>
    <property name="java.vm.specification.version" value="15"/>
    <property name="sun.java.launcher" value="SUN_STANDARD"/>
    <property name="user.country" value="ES"/>
    <property name="sun.boot.library.path" value="C:\Program Files\Java\jdk-15.0.2\bin"/>
    <property name="sun.java.command" value="C:\Users\Lenovo\AppData\Local\Temp\surefire17820110538464070894\surefirebooter-20240214220745626_3.jar C:\Users\Lenovo\AppData\Local\Temp\surefire17820110538464070894 2024-02-14T22-07-44_750-jvmRun1 surefire-20240214220745626_1tmp surefire_0-20240214220745626_2tmp"/>
    <property name="jdk.debug" value="release"/>
    <property name="surefire.test.class.path" value="C:\Users\Lenovo\Documents\2024\AREP\LABORATORIOS\AREP_LAB03\mitercera-app\target\test-classes;C:\Users\Lenovo\Documents\2024\AREP\LABORATORIOS\AREP_LAB03\mitercera-app\target\classes;C:\Users\Lenovo\.m2\repository\junit\junit\4.13.2\junit-4.13.2.jar;C:\Users\Lenovo\.m2\repository\org\hamcrest\hamcrest-core\1.3\hamcrest-core-1.3.jar;C:\Users\Lenovo\.m2\repository\com\google\code\gson\gson\2.8.8\gson-2.8.8.jar;"/>
    <property name="sun.cpu.endian" value="little"/>
    <property name="user.home" value="C:\Users\Lenovo"/>
    <property name="user.language" value="es"/>
    <property name="java.specification.vendor" value="Oracle Corporation"/>
    <property name="java.version.date" value="2021-01-19"/>
    <property name="java.home" value="C:\Program Files\Java\jdk-15.0.2"/>
    <property name="file.separator" value="\"/>
    <property name="basedir" value="C:\Users\Lenovo\Documents\2024\AREP\LABORATORIOS\AREP_LAB03\mitercera-app"/>
    <property name="java.vm.compressedOopsMode" value="32-bit"/>
    <property name="line.separator" value="&#10;"/>
    <property name="java.vm.specification.vendor" value="Oracle Corporation"/>
    <property name="java.specification.name" value="Java Platform API Specification"/>
    <property name="surefire.real.class.path" value="C:\Users\Lenovo\AppData\Local\Temp\surefire17820110538464070894\surefirebooter-20240214220745626_3.jar"/>
    <property name="user.script" value=""/>
    <property name="sun.management.compiler" value="HotSpot 64-Bit Tiered Compilers"/>
    <property name="java.runtime.version" value="15.0.2+7-27"/>
    <property name="user.name" value="Lenovo"/>
    <property name="path.separator" value=";"/>
    <property name="os.version" value="10.0"/>
    <property name="java.runtime.name" value="Java(TM) SE Runtime Environment"/>
    <property name="file.encoding" value="Cp1252"/>
    <property name="java.vm.name" value="Java HotSpot(TM) 64-Bit Server VM"/>
    <property name="localRepository" value="C:\Users\Lenovo\.m2\repository"/>
    <property name="java.vendor.url.bug" value="https://bugreport.java.com/bugreport/"/>
    <property name="java.io.tmpdir" value="C:\Users\Lenovo\AppData\Local\Temp\"/>
    <property name="java.version" value="15.0.2"/>
    <property name="user.dir" value="C:\Users\Lenovo\Documents\2024\AREP\LABORATORIOS\AREP_LAB03\mitercera-app"/>
    <property name="os.arch" value="amd64"/>
    <property name="java.vm.specification.name" value="Java Virtual Machine Specification"/>
    <property name="sun.os.patch.level" value=""/>
    <property name="java.library.path" value="C:\Program Files\Java\jdk-15.0.2\bin;C:\Windows\Sun\Java\bin;C:\Windows\system32;C:\Windows;C:\Program Files (x86)\VMware\VMware Player\bin\;C:\Program Files\Microsoft SDKs\Azure\CLI2\wbin;C:\app\Lenovo\product\21c\dbhomeXE\bin;C:\Python311\Scripts\;C:\Python311\;C:\Program Files\Java\jdk-15.0.2\bin;C:\Windows\system32;C:\Windows;C:\Windowns\System32\Wbem;C:\Program Files\Git\cmd;C:\Program Files\Git\mingw64\bin;C:\Program Files\Git\usr\bin;C:\Program Files\maven\bin;C:\Program Files\Docker\Docker\resources\bin;C:\Program Files\MySQL\MySQL Server 8.0\bin;C:\Program Files\nodejs\;C:\ProgramData\chocolatey\bin;C:\php;C:\ProgramData\ComposerSetup\bin;C:\Program Files\dotnet\;C:\Program Files (x86)\dotnet\;C:\Program Files\Microsoft SQL Server\Client SDK\ODBC\130\Tools\Binn\;C:\Program Files (x86)\Microsoft SQL Server\140\Tools\Binn\;C:\Program Files\Microsoft SQL Server\140\Tools\Binn\;C:\Program Files\Microsoft SQL Server\140\DTS\Binn\;C:\Program Files\MySQL\MySQL Shell 8.0\bin\;C:\Users\Lenovo\AppData\Local\Programs\Python\Python310\Scripts\;C:\Users\Lenovo\AppData\Local\Programs\Python\Python310\;C:\Users\Lenovo\AppData\Roaming\cabal\bin;C:\Users\Lenovo\AppData\Roaming\local\bin;C:\Users\Lenovo\AppData\Local\Microsoft\WindowsApps;C:\Users\Lenovo\AppData\Local\GitHubDesktop\bin;C:\Users\Lenovo\AppData\Local\Programs\Microsoft VS Code\bin;C:\Users\Lenovo\AppData\Local\gitkraken\bin;C:\Program Files\maven\bin;C:\Users\Lenovo\AppData\Roaming\npm;C:\Users\Lenovo\AppData\Roaming\Composer\vendor\bin;C:\Users\Lenovo\Documents\Terraform;;."/>
    <property name="java.vm.info" value="mixed mode, sharing"/>
    <property name="java.vendor" value="Oracle Corporation"/>
    <property name="java.vm.version" value="15.0.2+7-27"/>
    <property name="sun.io.unicode.encoding" value="UnicodeLittle"/>
    <property name="java.class.version" value="59.0"/>
  </properties>
  <testcase name="testApiConnection" classname="edu.escuelaing.arem.ASE.app.AppTest" time="0.31">
    <system-out><![CDATA[GET Response Code: 200
{"Title":"Ted","Year":"2012","Rated":"R","Released":"29 Jun 2012","Runtime":"106 min","Genre":"Comedy","Director":"Seth MacFarlane","Writer":"Seth MacFarlane, Alec Sulkin, Wellesley Wild","Actors":"Mark Wahlberg, Mila Kunis, Seth MacFarlane","Plot":"John Bennett, a man whose childhood wish of bringing his teddy bear to life came true, now must decide between keeping the relationship with the bear, Ted or his girlfriend, Lori.","Language":"English, Japanese, Ukrainian","Country":"United States","Awards":"Nominated for 1 Oscar. 13 wins & 28 nominations total","Poster":"https://m.media-amazon.com/images/M/MV5BMTQ1OTU0ODcxMV5BMl5BanBnXkFtZTcwOTMxNTUwOA@@._V1_SX300.jpg","Ratings":[{"Source":"Internet Movie Database","Value":"6.9/10"},{"Source":"Rotten Tomatoes","Value":"69%"},{"Source":"Metacritic","Value":"62/100"}],"Metascore":"62","imdbRating":"6.9","imdbVotes":"651,110","imdbID":"tt1637725","Type":"movie","DVD":"21 Jul 2015","BoxOffice":"$218,815,487","Production":"N/A","Website":"N/A","Response":"True"}
]]></system-out>
  </testcase>
  <testcase name="testBuildHtmlFromJson" classname="edu.escuelaing.arem.ASE.app.AppTest" time="0.064"/>
  <testcase name="testCache" classname="edu.escuelaing.arem.ASE.app.AppTest" time="0.104">
    <system-out><![CDATA[GET Response Code: 200
{"Title":"Titanic","Year":"1997","Rated":"PG-13","Released":"19 Dec 1997","Runtime":"194 min","Genre":"Drama, Romance","Director":"James Cameron","Writer":"James Cameron","Actors":"Leonardo DiCaprio, Kate Winslet, Billy Zane","Plot":"A seventeen-year-old aristocrat falls in love with a kind but poor artist aboard the luxurious, ill-fated R.M.S. Titanic.","Language":"English, Swedish, Italian, French","Country":"United States, Mexico","Awards":"Won 11 Oscars. 126 wins & 83 nominations total","Poster":"https://m.media-amazon.com/images/M/MV5BMDdmZGU3NDQtY2E5My00ZTliLWIzOTUtMTY4ZGI1YjdiNjk3XkEyXkFqcGdeQXVyNTA4NzY1MzY@._V1_SX300.jpg","Ratings":[{"Source":"Internet Movie Database","Value":"7.9/10"},{"Source":"Rotten Tomatoes","Value":"88%"},{"Source":"Metacritic","Value":"75/100"}],"Metascore":"75","imdbRating":"7.9","imdbVotes":"1,267,049","imdbID":"tt0120338","Type":"movie","DVD":"01 Jun 2014","BoxOffice":"$674,292,608","Production":"N/A","Website":"N/A","Response":"True"}
]]></system-out>
  </testcase>
  <testcase name="testBuildHtmlFromJson2" classname="edu.escuelaing.arem.ASE.app.AppTest" time="0"/>
  <testcase name="testBuildHtmlFromJson3" classname="edu.escuelaing.arem.ASE.app.AppTest" time="0"/>
</testsuite>